<?xml version="1.0" encoding="UTF-8"?>
<!-- Generated by org.testng.reporters.JUnitReportReporter -->
<testsuite hostname="DESKTOP-2VFCG7I" failures="0" tests="1" name="Amaon_Test.Amazon_TC1" time="24.525" errors="0" timestamp="2025-03-20T16:36:29 IST" skipped="0">
  <testcase classname="Amaon_Test.Amazon_TC1" name="login_to_amazon" time="24.525"/>
</testsuite> <!-- Amaon_Test.Amazon_TC1 -->
