<?xml version="1.0" encoding="UTF-8"?>
<!-- Generated by org.testng.reporters.JUnitReportReporter -->
<testsuite hostname="DESKTOP-2VFCG7I" failures="0" tests="1" name="Amazon_Test.valid_invalid" time="1.887" errors="0" timestamp="2025-06-24T01:41:53 IST" skipped="0">
  <testcase classname="Amazon_Test.valid_invalid" name="AmazonLoginData" time="1.887"/>
</testsuite> <!-- Amazon_Test.valid_invalid -->
