<?xml version="1.0" encoding="UTF-8"?>
<!-- Generated by org.testng.reporters.JUnitReportReporter -->
<testsuite hostname="DESKTOP-2VFCG7I" failures="0" tests="2" name="Amazon_Source.Amazon_LoginPage" time="1.820" errors="0" timestamp="2025-06-25T14:33:14 IST" skipped="0">
  <testcase classname="Amazon_Source.Amazon_LoginPage" name="valid_username" time="0.005"/>
  <testcase classname="Amazon_Source.Amazon_LoginPage" name="AmazonLoginData" time="1.815"/>
</testsuite> <!-- Amazon_Source.Amazon_LoginPage -->
