<?xml version="1.0" encoding="UTF-8"?>
<!-- Generated by org.testng.reporters.JUnitReportReporter -->
<testsuite hostname="DESKTOP-2VFCG7I" failures="0" tests="1" name="Amazon_Test.Amazon_TC8" time="52.521" errors="0" timestamp="2025-07-03T19:59:07 IST" skipped="0">
  <testcase classname="Amazon_Test.Amazon_TC8" name="Sorting" time="52.521">
    <system-out>
      <![CDATA[Test Case Passed]]>
    </system-out>
  </testcase> <!-- Sorting -->
  <system-out>
    <![CDATA[Test Case Passed]]>
  </system-out>
</testsuite> <!-- Amazon_Test.Amazon_TC8 -->
