<?xml version="1.0" encoding="UTF-8"?>
<!-- Generated by org.testng.reporters.JUnitReportReporter -->
<testsuite hostname="DESKTOP-2VFCG7I" failures="0" tests="1" name="Amazon_Test.Amazon_TC7" time="37.035" errors="0" timestamp="2025-07-03T17:01:45 IST" skipped="0">
  <testcase classname="Amazon_Test.Amazon_TC7" name="Product_Details" time="37.035">
    <system-out>
      <![CDATA[Test Case Passed]]>
    </system-out>
  </testcase> <!-- Product_Details -->
  <system-out>
    <![CDATA[Test Case Passed]]>
  </system-out>
</testsuite> <!-- Amazon_Test.Amazon_TC7 -->
