<?xml version="1.0" encoding="UTF-8"?>
<!-- Generated by org.testng.reporters.JUnitReportReporter -->
<testsuite hostname="DESKTOP-2VFCG7I" failures="0" tests="1" name="Amazon_Test.Amazon_TC15" time="38.909" errors="0" timestamp="2025-07-11T03:08:37 IST" skipped="0">
  <testcase classname="Amazon_Test.Amazon_TC15" name="ReachTillCartWithoutLogin" time="38.909">
    <system-out>
      <![CDATA[TestCase15 is passed
Test Case Passed]]>
    </system-out>
  </testcase> <!-- ReachTillCartWithoutLogin -->
  <system-out>
    <![CDATA[Test Case Failed
TestCase2 is passed
Test Case Passed
TestCase3 is passed
Test Case Passed
TestCase4 is passed
Test Case Passed
TestCase5 is passed
Test Case Passed
TestCase6 is passed
Test Case Passed
Test Case Failed
TestCase8 is passed
Test Case Passed
TestCase9 is passed
Test Case Passed
TestCase10 is passed
Test Case Passed
Test Case Failed
Test Case Failed
TestCase13 is passed
Test Case Passed
TestCase14 is passed
Test Case Passed
TestCase15 is passed
Test Case Passed]]>
  </system-out>
</testsuite> <!-- Amazon_Test.Amazon_TC15 -->
