<?xml version="1.0" encoding="UTF-8"?>
<!-- Generated by org.testng.reporters.JUnitReportReporter -->
<testsuite hostname="DESKTOP-2VFCG7I" failures="0" tests="1" name="Amazon_Test.Amazon_TC2$Amazon_TC1" time="31.572" errors="0" timestamp="2025-06-27T14:58:12 IST" skipped="0">
  <testcase classname="Amazon_Test.Amazon_TC2$Amazon_TC1" name="Verify_ValidCreds" time="31.572"/>
</testsuite> <!-- Amazon_Test.Amazon_TC2$Amazon_TC1 -->
