<?xml version="1.0" encoding="UTF-8"?>
<!-- Generated by org.testng.reporters.JUnitReportReporter -->
<testsuite hostname="DESKTOP-2VFCG7I" failures="0" tests="1" name="Amazon_Test.Amazon_TC9" time="57.824" errors="0" timestamp="2025-07-03T20:22:57 IST" skipped="0">
  <testcase classname="Amazon_Test.Amazon_TC9" name="AddItemInCart" time="57.824">
    <system-out>
      <![CDATA[Test Case Passed]]>
    </system-out>
  </testcase> <!-- AddItemInCart -->
  <system-out>
    <![CDATA[Test Case Passed]]>
  </system-out>
</testsuite> <!-- Amazon_Test.Amazon_TC9 -->
