<?xml version="1.0" encoding="UTF-8"?>
<!-- Generated by org.testng.reporters.JUnitReportReporter -->
<testsuite hostname="DESKTOP-2VFCG7I" failures="0" tests="1" name="Amazon_Test._Launch_Quit" time="51.473" errors="0" timestamp="2025-06-25T23:02:14 IST" skipped="0">
  <testcase classname="Amazon_Test._Launch_Quit" name="Launch" time="51.473"/>
</testsuite> <!-- Amazon_Test._Launch_Quit -->
