<?xml version="1.0" encoding="UTF-8"?>
<!-- Generated by org.testng.reporters.JUnitReportReporter -->
<testsuite hostname="DESKTOP-2VFCG7I" failures="0" tests="1" name="Amazon_Test.Amazon_TC02" time="64.978" errors="0" timestamp="2025-07-31T22:18:37 IST" skipped="0">
  <testcase classname="Amazon_Test.Amazon_TC02" name="Verify_ValidCreds" time="64.978">
    <system-out>
      <![CDATA[TestCase2 is passed
Test Case Passed]]>
    </system-out>
  </testcase> <!-- Verify_ValidCreds -->
  <system-out>
    <![CDATA[TestCase2 is passed
Test Case Passed]]>
  </system-out>
</testsuite> <!-- Amazon_Test.Amazon_TC02 -->
