<?xml version="1.0" encoding="UTF-8"?>
<!-- Generated by org.testng.reporters.JUnitReportReporter -->
<testsuite hostname="DESKTOP-2VFCG7I" failures="0" tests="1" name="Amazon_Test.Amazon_TC2" time="26.458" errors="0" timestamp="2025-06-27T15:52:27 IST" skipped="0">
  <testcase classname="Amazon_Test.Amazon_TC2" name="Verify_ValidCreds" time="26.458"/>
</testsuite> <!-- Amazon_Test.Amazon_TC2 -->
