<?xml version="1.0" encoding="UTF-8"?>
<!-- Generated by org.testng.reporters.JUnitReportReporter -->
<testsuite hostname="DESKTOP-2VFCG7I" failures="0" tests="1" name="Amazon_Source.Amazon_DDT" time="1.909" errors="0" timestamp="2025-07-11T01:59:46 IST" skipped="0">
  <testcase classname="Amazon_Source.Amazon_DDT" name="AmazonLoginData" time="1.909"/>
</testsuite> <!-- Amazon_Source.Amazon_DDT -->
